#
# A fatal error has been detected by the Java Runtime Environment:
#
#  SIGSEGV (0xb) at pc=0x00007fff2046c4af, pid=39645, tid=0x0000000000010017
#
# JRE version: Java(TM) SE Runtime Environment (8.0_181-b13) (build 1.8.0_181-b13)
# Java VM: Java HotSpot(TM) 64-Bit Server VM (25.181-b13 mixed mode bsd-amd64 compressed oops)
# Problematic frame:
# C  [libobjc.A.dylib+0x84af]  objc_release+0x1f
#
# Failed to write core dump. Core dumps have been disabled. To enable core dumping, try "ulimit -c unlimited" before starting Java again
#
# If you would like to submit a bug report, please visit:
#   http://bugreport.java.com/bugreport/crash.jsp
# The crash happened outside the Java Virtual Machine in native code.
# See problematic frame for where to report the bug.
#

---------------  T H R E A D  ---------------

Current thread (0x00007ff4408c6000):  JavaThread "LWJGL Application" [_thread_in_native, id=65559, stack(0x000070000cb18000,0x000070000cc18000)]

siginfo: si_signo: 11 (SIGSEGV), si_code: 1 (SEGV_MAPERR), si_addr: 0x0000000000000020

Registers:
RAX=0x0000000000000000, RBX=0x0000000000000001, RCX=0x0000000000000000, RDX=0x0000000000000007
RSP=0x000070000cc17378, RBP=0x000070000cc173b0, RSI=0x00007ff43e432030, RDI=0x00007ff43f989dd0
R8 =0x00007ff43e50da10, R9 =0x000000000000000f, R10=0x00007ff43f992620, R11=0x00007fff22e9110a
R12=0x00007ff43f989dd0, R13=0xa3a3a3a3a3a3a3a3, R14=0x00007ff440102070, R15=0x00007ff440102000
RIP=0x00007fff2046c4af, EFLAGS=0x0000000000010246, ERR=0x0000000000000004
  TRAPNO=0x000000000000000e

Top of Stack: (sp=0x000070000cc17378)
0x000070000cc17378:   00007fff2048a20f 33d25b0819320000
0x000070000cc17388:   00007ff440102000 00007ff43fa19590
0x000070000cc17398:   000000010ee8be60 00007fff7bbba857
0x000070000cc173a8:   00007ff4408c61f8 000070000cc173d0
0x000070000cc173b8:   00007fff2046ce30 33d25b08193200cd
0x000070000cc173c8:   00007ff440102070 000070000cc173f0
0x000070000cc173d8:   00007fff20686a86 33d25b08193200cd
0x000070000cc173e8:   00007ff43fa19590 000070000cc17430
0x000070000cc173f8:   00007fff21410333 00007fff874cdc58
0x000070000cc17408:   0000000000000000 00007ff43fb120c0
0x000070000cc17418:   33d25b08193200cd 00007ff43fa1d810
0x000070000cc17428:   00007ff43f979ac0 000070000cc17460
0x000070000cc17438:   000000012ca2ccce 000000010ee8be68
0x000070000cc17448:   0000000000000000 000070000cc174f0
0x000070000cc17458:   00007ff4408c6000 000070000cc174c8
0x000070000cc17468:   00000001136bd667 000070000cc174c8
0x000070000cc17478:   00000001136bd3c7 00000001136bd382
0x000070000cc17488:   000070000cc17488 000000010ee8be60
0x000070000cc17498:   000070000cc174f0 000000010ee8c3c8
0x000070000cc174a8:   0000000000000000 000000010ee8be68
0x000070000cc174b8:   0000000000000000 000070000cc174e8
0x000070000cc174c8:   000070000cc17538 00000001136ad2bd
0x000070000cc174d8:   000000076b62f840 00000001136b6d18
0x000070000cc174e8:   000000076b63fb78 000000076b5d4510
0x000070000cc174f8:   000070000cc174f8 000000010ee8bd67
0x000070000cc17508:   000070000cc17568 000000010ee8c3c8
0x000070000cc17518:   0000000000000000 000000010ee8bdd8
0x000070000cc17528:   000070000cc174e8 000070000cc17558
0x000070000cc17538:   000070000cc175c0 00000001136ad302
0x000070000cc17548:   0000000000000000 000000076b5d4510
0x000070000cc17558:   000000076b63fb78 000000076b5d4458
0x000070000cc17568:   000000076b62f8d0 0000000000000001 

Instructions: (pc=0x00007fff2046c4af)
0x00007fff2046c48f:   90 48 85 ff 74 76 89 f8 83 e0 01 48 85 c0 75 6c
0x00007fff2046c49f:   48 8b 07 48 b9 f8 ff ff ff ff 7f 00 00 48 21 c1
0x00007fff2046c4af:   48 8b 51 20 f6 c2 04 74 54 a8 01 74 6f 48 b9 00
0x00007fff2046c4bf:   00 00 00 00 00 80 00 48 ba 00 00 00 00 00 00 00 

Register to memory mapping:

RAX=0x0000000000000000 is an unknown value
RBX=0x0000000000000001 is an unknown value
RCX=0x0000000000000000 is an unknown value
RDX=0x0000000000000007 is an unknown value
RSP=0x000070000cc17378 is pointing into the stack for thread: 0x00007ff4408c6000
RBP=0x000070000cc173b0 is pointing into the stack for thread: 0x00007ff4408c6000
RSI=0x00007ff43e432030 is an unknown value
RDI=0x00007ff43f989dd0 is an unknown value
R8 =0x00007ff43e50da10 is an unknown value
R9 =0x000000000000000f is an unknown value
R10=0x00007ff43f992620 is an unknown value
R11=0x00007fff22e9110a: -[NSResponder release]+0 in /System/Library/Frameworks/AppKit.framework/Versions/C/AppKit at 0x00007fff22e86000
R12=0x00007ff43f989dd0 is an unknown value
R13=0xa3a3a3a3a3a3a3a3 is an unknown value
R14=0x00007ff440102070 is an unknown value
R15=0x00007ff440102000 is an unknown value


Stack: [0x000070000cb18000,0x000070000cc18000],  sp=0x000070000cc17378,  free space=1020k
Native frames: (J=compiled Java code, j=interpreted, Vv=VM code, C=native code)
C  [libobjc.A.dylib+0x84af]  objc_release+0x1f
C  [libobjc.A.dylib+0x8e30]  objc_autoreleasePoolPop+0xa1
C  [CoreFoundation+0x42a86]  _CFAutoreleasePoolPop+0x16
C  [Foundation+0x1f333]  -[NSAutoreleasePool release]+0x83
C  [liblwjgl.dylib+0x16cce]  Java_org_lwjgl_opengl_MacOSXContextImplementation_setView+0x10e
j  org.lwjgl.opengl.MacOSXContextImplementation.setView(Ljava/nio/ByteBuffer;Ljava/nio/ByteBuffer;)V+0
j  org.lwjgl.opengl.MacOSXContextImplementation.makeCurrent(Lorg/lwjgl/opengl/PeerInfo;Ljava/nio/ByteBuffer;)V+7
j  org.lwjgl.opengl.ContextGL.makeCurrent()V+46
j  org.lwjgl.opengl.DrawableGL.makeCurrent()V+14
j  org.lwjgl.opengl.Display.makeCurrent()V+3
j  org.lwjgl.opengl.Display.makeCurrentAndSetSwapInterval()V+0
j  org.lwjgl.opengl.Display.create(Lorg/lwjgl/opengl/PixelFormat;Lorg/lwjgl/opengl/Drawable;Lorg/lwjgl/opengl/ContextAttribs;)V+108
j  org.lwjgl.opengl.Display.create(Lorg/lwjgl/opengl/PixelFormat;)V+12
j  com.badlogic.gdx.backends.lwjgl.LwjglGraphics.createDisplayPixelFormat(ZII)V+243
j  com.badlogic.gdx.backends.lwjgl.LwjglGraphics.setupDisplay()V+575
j  com.badlogic.gdx.backends.lwjgl.LwjglApplication.mainLoop()V+9
j  com.badlogic.gdx.backends.lwjgl.LwjglApplication$1.run()V+27
v  ~StubRoutines::call_stub
V  [libjvm.dylib+0x2efcba]
V  [libjvm.dylib+0x2f045e]
V  [libjvm.dylib+0x2f060a]
V  [libjvm.dylib+0x34aef9]
V  [libjvm.dylib+0x56fa7f]
V  [libjvm.dylib+0x57117a]
V  [libjvm.dylib+0x48e342]
C  [libsystem_pthread.dylib+0x68fc]  _pthread_start+0xe0
C  [libsystem_pthread.dylib+0x2443]  thread_start+0xf
C  0x0000000000000000

Java frames: (J=compiled Java code, j=interpreted, Vv=VM code)
j  org.lwjgl.opengl.MacOSXContextImplementation.setView(Ljava/nio/ByteBuffer;Ljava/nio/ByteBuffer;)V+0
j  org.lwjgl.opengl.MacOSXContextImplementation.makeCurrent(Lorg/lwjgl/opengl/PeerInfo;Ljava/nio/ByteBuffer;)V+7
j  org.lwjgl.opengl.ContextGL.makeCurrent()V+46
j  org.lwjgl.opengl.DrawableGL.makeCurrent()V+14
j  org.lwjgl.opengl.Display.makeCurrent()V+3
j  org.lwjgl.opengl.Display.makeCurrentAndSetSwapInterval()V+0
j  org.lwjgl.opengl.Display.create(Lorg/lwjgl/opengl/PixelFormat;Lorg/lwjgl/opengl/Drawable;Lorg/lwjgl/opengl/ContextAttribs;)V+108
j  org.lwjgl.opengl.Display.create(Lorg/lwjgl/opengl/PixelFormat;)V+12
j  com.badlogic.gdx.backends.lwjgl.LwjglGraphics.createDisplayPixelFormat(ZII)V+243
j  com.badlogic.gdx.backends.lwjgl.LwjglGraphics.setupDisplay()V+575
j  com.badlogic.gdx.backends.lwjgl.LwjglApplication.mainLoop()V+9
j  com.badlogic.gdx.backends.lwjgl.LwjglApplication$1.run()V+27
v  ~StubRoutines::call_stub

---------------  P R O C E S S  ---------------

Java Threads: ( => current thread )
  0x00007ff4408d2000 JavaThread "DestroyJavaVM" [_thread_blocked, id=4355, stack(0x000070000b0b8000,0x000070000b1b8000)]
=>0x00007ff4408c6000 JavaThread "LWJGL Application" [_thread_in_native, id=65559, stack(0x000070000cb18000,0x000070000cc18000)]
  0x00007ff43f21f000 JavaThread "AWT-Shutdown" [_thread_blocked, id=27163, stack(0x000070000c4f7000,0x000070000c5f7000)]
  0x00007ff4400c3000 JavaThread "AppKit Thread" daemon [_thread_in_native, id=259, stack(0x00007ffee781b000,0x00007ffee801b000)]
  0x00007ff443858000 JavaThread "Service Thread" daemon [_thread_blocked, id=17923, stack(0x000070000c2f1000,0x000070000c3f1000)]
  0x00007ff43f063800 JavaThread "C1 CompilerThread3" daemon [_thread_blocked, id=16643, stack(0x000070000c1ee000,0x000070000c2ee000)]
  0x00007ff43f063000 JavaThread "C2 CompilerThread2" daemon [_thread_blocked, id=18435, stack(0x000070000c0eb000,0x000070000c1eb000)]
  0x00007ff441013800 JavaThread "C2 CompilerThread1" daemon [_thread_blocked, id=16131, stack(0x000070000bfe8000,0x000070000c0e8000)]
  0x00007ff43f061800 JavaThread "C2 CompilerThread0" daemon [_thread_blocked, id=18691, stack(0x000070000bee5000,0x000070000bfe5000)]
  0x00007ff43f060800 JavaThread "Signal Dispatcher" daemon [_thread_blocked, id=15363, stack(0x000070000bde2000,0x000070000bee2000)]
  0x00007ff43f05b000 JavaThread "Finalizer" daemon [_thread_blocked, id=20739, stack(0x000070000bbd9000,0x000070000bcd9000)]
  0x00007ff43f054800 JavaThread "Reference Handler" daemon [_thread_blocked, id=20995, stack(0x000070000bad6000,0x000070000bbd6000)]

Other Threads:
  0x00007ff44000f000 VMThread [stack: 0x000070000b9d3000,0x000070000bad3000] [id=12803]
  0x00007ff43f066800 WatcherThread [stack: 0x000070000c3f4000,0x000070000c4f4000] [id=17411]

VM state:not at safepoint (normal execution)

VM Mutex/Monitor currently owned by a thread: None

Heap:
 PSYoungGen      total 76288K, used 11797K [0x000000076ab00000, 0x0000000770000000, 0x00000007c0000000)
  eden space 65536K, 18% used [0x000000076ab00000,0x000000076b685560,0x000000076eb00000)
  from space 10752K, 0% used [0x000000076f580000,0x000000076f580000,0x0000000770000000)
  to   space 10752K, 0% used [0x000000076eb00000,0x000000076eb00000,0x000000076f580000)
 ParOldGen       total 175104K, used 0K [0x00000006c0000000, 0x00000006cab00000, 0x000000076ab00000)
  object space 175104K, 0% used [0x00000006c0000000,0x00000006c0000000,0x00000006cab00000)
 Metaspace       used 6568K, capacity 6722K, committed 7040K, reserved 1056768K
  class space    used 718K, capacity 793K, committed 896K, reserved 1048576K

Card table byte_map: [0x000000010d374000,0x000000010db75000] byte_map_base: 0x0000000109d74000

Marking Bits: (ParMarkBitMap*) 0x000000010c8f9cd0
 Begin Bits: [0x00000001226a5000, 0x00000001266a5000)
 End Bits:   [0x00000001266a5000, 0x000000012a6a5000)

Polling page: 0x0000000107c5c000

CodeCache: size=245760Kb used=1988Kb max_used=1988Kb free=243771Kb
 bounds [0x00000001136a5000, 0x0000000113915000, 0x00000001226a5000]
 total_blobs=725 nmethods=403 adapters=236
 compilation: enabled

Compilation events (10 events):
Event: 0.875 Thread 0x00007ff43f063800  399       3       java.util.HashSet::add (20 bytes)
Event: 0.875 Thread 0x00007ff43f063800 nmethod 399 0x00000001138888d0 code [0x0000000113888a60, 0x0000000113888f78]
Event: 1.881 Thread 0x00007ff43f063800  400       3       java.io.File::isInvalid (47 bytes)
Event: 1.882 Thread 0x00007ff43f063800 nmethod 400 0x0000000113894590 code [0x0000000113894720, 0x0000000113894b48]
Event: 1.936 Thread 0x00007ff43f063800  401       3       java.nio.Buffer::position (43 bytes)
Event: 1.937 Thread 0x00007ff43f063800 nmethod 401 0x0000000113895a90 code [0x0000000113895c00, 0x0000000113895ec8]
Event: 1.938 Thread 0x00007ff43f063800  402       3       java.lang.Integer::valueOf (32 bytes)
Event: 1.938 Thread 0x00007ff43f063800 nmethod 402 0x0000000113895f90 code [0x0000000113896120, 0x0000000113896470]
Event: 1.939 Thread 0x00007ff43f063800  403       3       java.nio.Buffer::remaining (10 bytes)
Event: 1.940 Thread 0x00007ff43f063800 nmethod 403 0x0000000113896610 code [0x0000000113896760, 0x00000001138968b0]

GC Heap History (0 events):
No events

Deoptimization events (0 events):
No events

Classes redefined (0 events):
No events

Internal exceptions (10 events):
Event: 0.310 Thread 0x00007ff43f00e800 Exception <a 'java/lang/NoSuchFieldError': method resolution failed> (0x000000076b042648) thrown at [/Users/java_re/workspace/8-2-build-macosx-x86_64/jdk8u181/11358/hotspot/src/share/vm/prims/methodHandles.cpp, line 1167]
Event: 0.312 Thread 0x00007ff43f00e800 Exception <a 'java/lang/NoSuchFieldError': method resolution failed> (0x000000076b04fd98) thrown at [/Users/java_re/workspace/8-2-build-macosx-x86_64/jdk8u181/11358/hotspot/src/share/vm/prims/methodHandles.cpp, line 1167]
Event: 0.542 Thread 0x00007ff43f00e800 Exception <a 'java/io/FileNotFoundException'> (0x000000076b0cad48) thrown at [/Users/java_re/workspace/8-2-build-macosx-x86_64/jdk8u181/11358/hotspot/src/share/vm/prims/jni.cpp, line 709]
Event: 0.542 Thread 0x00007ff43f00e800 Exception <a 'java/io/FileNotFoundException'> (0x000000076b0cb8b0) thrown at [/Users/java_re/workspace/8-2-build-macosx-x86_64/jdk8u181/11358/hotspot/src/share/vm/prims/jni.cpp, line 709]
Event: 0.557 Thread 0x00007ff43f00e800 Exception <a 'java/security/PrivilegedActionException'> (0x000000076b0e3698) thrown at [/Users/java_re/workspace/8-2-build-macosx-x86_64/jdk8u181/11358/hotspot/src/share/vm/prims/jvm.cpp, line 1435]
Event: 0.558 Thread 0x00007ff43f00e800 Exception <a 'java/security/PrivilegedActionException'> (0x000000076b0e5280) thrown at [/Users/java_re/workspace/8-2-build-macosx-x86_64/jdk8u181/11358/hotspot/src/share/vm/prims/jvm.cpp, line 1435]
Event: 0.558 Thread 0x00007ff43f00e800 Exception <a 'java/security/PrivilegedActionException'> (0x000000076b0e63a0) thrown at [/Users/java_re/workspace/8-2-build-macosx-x86_64/jdk8u181/11358/hotspot/src/share/vm/prims/jvm.cpp, line 1435]
Event: 0.558 Thread 0x00007ff43f00e800 Exception <a 'java/security/PrivilegedActionException'> (0x000000076b0eb4c0) thrown at [/Users/java_re/workspace/8-2-build-macosx-x86_64/jdk8u181/11358/hotspot/src/share/vm/prims/jvm.cpp, line 1435]
Event: 0.558 Thread 0x00007ff43f00e800 Exception <a 'java/security/PrivilegedActionException'> (0x000000076b0ec118) thrown at [/Users/java_re/workspace/8-2-build-macosx-x86_64/jdk8u181/11358/hotspot/src/share/vm/prims/jvm.cpp, line 1435]
Event: 0.558 Thread 0x00007ff43f00e800 Exception <a 'java/security/PrivilegedActionException'> (0x000000076b0ecd40) thrown at [/Users/java_re/workspace/8-2-build-macosx-x86_64/jdk8u181/11358/hotspot/src/share/vm/prims/jvm.cpp, line 1435]

Events (10 events):
Event: 1.949 loading class org/lwjgl/opengl/ContextImplementation
Event: 1.949 loading class org/lwjgl/opengl/ContextImplementation done
Event: 1.950 loading class org/lwjgl/opengl/MacOSXContextImplementation
Event: 1.950 loading class org/lwjgl/opengl/MacOSXContextImplementation done
Event: 1.951 loading class org/lwjgl/opengl/GLContext
Event: 1.951 loading class org/lwjgl/opengl/GLContext done
Event: 1.953 loading class java/lang/NumberFormatException
Event: 1.953 loading class java/lang/NumberFormatException done
Event: 1.953 loading class org/lwjgl/opengl/GLContext$CapabilitiesCacheEntry
Event: 1.953 loading class org/lwjgl/opengl/GLContext$CapabilitiesCacheEntry done


Dynamic libraries:
0x00007fff350e3000 	/System/Library/Frameworks/Cocoa.framework/Versions/A/Cocoa
0x00007fff22458000 	/System/Library/Frameworks/Security.framework/Versions/A/Security
0x00007fff332f0000 	/System/Library/Frameworks/ApplicationServices.framework/Versions/A/ApplicationServices
0x00007fff2a6d5000 	/usr/lib/libz.1.dylib
0x00007fff2a79d000 	/usr/lib/libSystem.B.dylib
0x00007fff20464000 	/usr/lib/libobjc.A.dylib
0x00007fff20644000 	/System/Library/Frameworks/CoreFoundation.framework/Versions/A/CoreFoundation
0x00007fff213f1000 	/System/Library/Frameworks/Foundation.framework/Versions/C/Foundation
0x00007fff22e86000 	/System/Library/Frameworks/AppKit.framework/Versions/C/AppKit
0x00007fff25d45000 	/System/Library/Frameworks/CoreData.framework/Versions/A/CoreData
0x00007fff23bcf000 	/System/Library/PrivateFrameworks/UIFoundation.framework/Versions/A/UIFoundation
0x00007fff2fdc6000 	/System/Library/PrivateFrameworks/RemoteViewServices.framework/Versions/A/RemoteViewServices
0x00007fff28be1000 	/System/Library/PrivateFrameworks/XCTTargetBootstrap.framework/Versions/A/XCTTargetBootstrap
0x00007fff2b8c6000 	/usr/lib/libspindump.dylib
0x00007fff23e1e000 	/System/Library/Frameworks/UniformTypeIdentifiers.framework/Versions/A/UniformTypeIdentifiers
0x00007fff273e1000 	/usr/lib/libapp_launch_measurement.dylib
0x00007fff273e4000 	/System/Library/PrivateFrameworks/CoreAutoLayout.framework/Versions/A/CoreAutoLayout
0x00007fff28544000 	/System/Library/Frameworks/Metal.framework/Versions/A/Metal
0x00007fff2923e000 	/usr/lib/liblangid.dylib
0x00007fff28be5000 	/System/Library/PrivateFrameworks/CoreSVG.framework/Versions/A/CoreSVG
0x00007fff24e5d000 	/System/Library/PrivateFrameworks/SkyLight.framework/Versions/A/SkyLight
0x00007fff251c2000 	/System/Library/Frameworks/CoreGraphics.framework/Versions/A/CoreGraphics
0x00007fff302ed000 	/System/Library/Frameworks/Accelerate.framework/Versions/A/Accelerate
0x00007fff2b304000 	/System/Library/PrivateFrameworks/IconServices.framework/Versions/A/IconServices
0x00007fff28528000 	/System/Library/Frameworks/IOSurface.framework/Versions/A/IOSurface
0x00007fff266cd000 	/usr/lib/libDiagnosticMessagesClient.dylib
0x00007fff28bcd000 	/System/Library/PrivateFrameworks/DFRFoundation.framework/Versions/A/DFRFoundation
0x00007fff227ad000 	/usr/lib/libicucore.A.dylib
0x00007fff2ce0d000 	/System/Library/Frameworks/AudioToolbox.framework/Versions/A/AudioToolbox
0x00007fff2c097000 	/System/Library/PrivateFrameworks/DataDetectorsCore.framework/Versions/A/DataDetectorsCore
0x00007fff24dd1000 	/usr/lib/libMobileGestalt.dylib
0x00007fff288d1000 	/System/Library/Frameworks/Carbon.framework/Versions/A/Frameworks/HIToolbox.framework/Versions/A/HIToolbox
0x00007fff26e27000 	/System/Library/Frameworks/QuartzCore.framework/Versions/A/QuartzCore
0x00007fff2fdfe000 	/System/Library/Frameworks/Carbon.framework/Versions/A/Frameworks/SpeechRecognition.framework/Versions/A/SpeechRecognition
0x00007fff27146000 	/System/Library/PrivateFrameworks/CoreUI.framework/Versions/A/CoreUI
0x00007fff21dc7000 	/System/Library/Frameworks/CoreAudio.framework/Versions/A/CoreAudio
0x00007fff267b8000 	/System/Library/Frameworks/DiskArbitration.framework/Versions/A/DiskArbitration
0x00007fff2bc94000 	/System/Library/PrivateFrameworks/MultitouchSupport.framework/Versions/A/MultitouchSupport
0x00007fff2c08e000 	/System/Library/PrivateFrameworks/InternationalSupport.framework/Versions/A/InternationalSupport
0x00007fff24dd0000 	/usr/lib/libenergytrace.dylib
0x00007fff22d7d000 	/System/Library/Frameworks/IOKit.framework/Versions/A/IOKit
0x00007fff30131000 	/System/Library/Frameworks/CoreServices.framework/Versions/A/CoreServices
0x00007fff27373000 	/System/Library/PrivateFrameworks/PerformanceAnalysis.framework/Versions/A/PerformanceAnalysis
0x00007fff6bbe5000 	/System/Library/Frameworks/OpenGL.framework/Versions/A/OpenGL
0x00007fff2c112000 	/System/Library/PrivateFrameworks/UserActivity.framework/Versions/A/UserActivity
0x00007fff2584c000 	/System/Library/Frameworks/ColorSync.framework/Versions/A/ColorSync
0x00007fff28e4c000 	/System/Library/Frameworks/CoreImage.framework/Versions/A/CoreImage
0x00007fff21be1000 	/System/Library/Frameworks/CoreText.framework/Versions/A/CoreText
0x00007fff28c0f000 	/System/Library/Frameworks/ImageIO.framework/Versions/A/ImageIO
0x00007fff2a7a3000 	/System/Library/PrivateFrameworks/SoftLinking.framework/Versions/A/SoftLinking
0x00007fff2742c000 	/usr/lib/libxml2.2.dylib
0x00007fff2052a000 	/usr/lib/libc++.1.dylib
0x00007fff2aa14000 	/usr/lib/libcompression.dylib
0x00007fff2bfc0000 	/System/Library/PrivateFrameworks/TextureIO.framework/Versions/A/TextureIO
0x00007fff2b043000 	/usr/lib/libate.dylib
0x00007fff2a797000 	/usr/lib/system/libcache.dylib
0x00007fff2a753000 	/usr/lib/system/libcommonCrypto.dylib
0x00007fff2a77d000 	/usr/lib/system/libcompiler_rt.dylib
0x00007fff2a772000 	/usr/lib/system/libcopyfile.dylib
0x00007fff20354000 	/usr/lib/system/libcorecrypto.dylib
0x00007fff2041f000 	/usr/lib/system/libdispatch.dylib
0x00007fff205d2000 	/usr/lib/system/libdyld.dylib
0x00007fff2a78e000 	/usr/lib/system/libkeymgr.dylib
0x00007fff2dba4000 	/usr/lib/system/liblaunch.dylib
0x00007fff2a731000 	/usr/lib/system/libmacho.dylib
0x00007fff29f29000 	/usr/lib/system/libquarantine.dylib
0x00007fff2a78b000 	/usr/lib/system/libremovefile.dylib
0x00007fff24e2e000 	/usr/lib/system/libsystem_asl.dylib
0x00007fff20304000 	/usr/lib/system/libsystem_blocks.dylib
0x00007fff204a1000 	/usr/lib/system/libsystem_c.dylib
0x00007fff2a785000 	/usr/lib/system/libsystem_collections.dylib
0x00007fff2922f000 	/usr/lib/system/libsystem_configuration.dylib
0x00007fff28517000 	/usr/lib/system/libsystem_containermanager.dylib
0x00007fff2a4d4000 	/usr/lib/system/libsystem_coreservices.dylib
0x00007fff22a0d000 	/usr/lib/system/libsystem_darwin.dylib
0x00007fff2a78f000 	/usr/lib/system/libsystem_dnssd.dylib
0x00007fff2049e000 	/usr/lib/system/libsystem_featureflags.dylib
0x00007fff20618000 	/usr/lib/system/libsystem_info.dylib
0x00007fff2a6e8000 	/usr/lib/system/libsystem_m.dylib
0x00007fff203f2000 	/usr/lib/system/libsystem_malloc.dylib
0x00007fff24dc1000 	/usr/lib/system/libsystem_networkextension.dylib
0x00007fff22e2c000 	/usr/lib/system/libsystem_notify.dylib
0x00007fff30033000 	/usr/lib/system/libsystem_product_info_filter.dylib
0x00007fff29233000 	/usr/lib/system/libsystem_sandbox.dylib
0x00007fff2a788000 	/usr/lib/system/libsystem_secinit.dylib
0x00007fff20596000 	/usr/lib/system/libsystem_kernel.dylib
0x00007fff2060e000 	/usr/lib/system/libsystem_platform.dylib
0x00007fff205c6000 	/usr/lib/system/libsystem_pthread.dylib
0x00007fff26509000 	/usr/lib/system/libsystem_symptoms.dylib
0x00007fff2033c000 	/usr/lib/system/libsystem_trace.dylib
0x00007fff2a75f000 	/usr/lib/system/libunwind.dylib
0x00007fff20306000 	/usr/lib/system/libxpc.dylib
0x00007fff20580000 	/usr/lib/libc++abi.dylib
0x00007fff2a76a000 	/usr/lib/liboah.dylib
0x00007fff2ae28000 	/usr/lib/liblzma.5.dylib
0x00007fff21105000 	/System/Library/Frameworks/SystemConfiguration.framework/Versions/A/SystemConfiguration
0x00007fff2a79f000 	/usr/lib/libfakelink.dylib
0x00007fff24922000 	/System/Library/Frameworks/CFNetwork.framework/Versions/A/CFNetwork
0x00007fff2a8df000 	/usr/lib/libarchive.2.dylib
0x00007fff21183000 	/usr/lib/libCRFSuite.dylib
0x00007fff29f50000 	/usr/lib/libbsm.0.dylib
0x00007fff2429b000 	/usr/lib/libnetwork.dylib
0x00007fff2a7a4000 	/usr/lib/libpcap.A.dylib
0x00007fff26502000 	/usr/lib/libdns_services.dylib
0x00007fff2ae41000 	/usr/lib/libcoretls_cfhelpers.dylib
0x00007fff2a9de000 	/usr/lib/libapple_nghttp2.dylib
0x00007fff2a737000 	/usr/lib/system/libkxld.dylib
0x00007fff2617b000 	/usr/lib/libsqlite3.dylib
0x00007fff2a4b7000 	/System/Library/PrivateFrameworks/AppleFSCompression.framework/Versions/A/AppleFSCompression
0x00007fff29f38000 	/usr/lib/libcoretls.dylib
0x00007fff2aa0f000 	/usr/lib/libpam.2.dylib
0x00007fff2af3f000 	/usr/lib/libxar.1.dylib
0x00007fff2923a000 	/System/Library/PrivateFrameworks/AppleSystemInfo.framework/Versions/A/AppleSystemInfo
0x00007fff29b7a000 	/System/Library/PrivateFrameworks/IOMobileFramebuffer.framework/Versions/A/IOMobileFramebuffer
0x00007fff2a4c7000 	/usr/lib/libbz2.1.0.dylib
0x00007fff2a7dc000 	/usr/lib/libiconv.2.dylib
0x00007fff2a730000 	/usr/lib/libcharset.1.dylib
0x00007fff273af000 	/System/Library/Frameworks/CoreServices.framework/Versions/A/Frameworks/FSEvents.framework/Versions/A/FSEvents
0x00007fff22a17000 	/System/Library/Frameworks/CoreServices.framework/Versions/A/Frameworks/CarbonCore.framework/Versions/A/CarbonCore
0x00007fff2671d000 	/System/Library/Frameworks/CoreServices.framework/Versions/A/Frameworks/Metadata.framework/Versions/A/Metadata
0x00007fff2a4d9000 	/System/Library/Frameworks/CoreServices.framework/Versions/A/Frameworks/OSServices.framework/Versions/A/OSServices
0x00007fff2a951000 	/System/Library/Frameworks/CoreServices.framework/Versions/A/Frameworks/SearchKit.framework/Versions/A/SearchKit
0x00007fff2648d000 	/System/Library/Frameworks/CoreServices.framework/Versions/A/Frameworks/AE.framework/Versions/A/AE
0x00007fff20ae2000 	/System/Library/Frameworks/CoreServices.framework/Versions/A/Frameworks/LaunchServices.framework/Versions/A/LaunchServices
0x00007fff2add8000 	/System/Library/Frameworks/CoreServices.framework/Versions/A/Frameworks/DictionaryServices.framework/Versions/A/DictionaryServices
0x00007fff273bc000 	/System/Library/Frameworks/CoreServices.framework/Versions/A/Frameworks/SharedFileList.framework/Versions/A/SharedFileList
0x00007fff29f2c000 	/usr/lib/libCheckFix.dylib
0x00007fff24e45000 	/System/Library/PrivateFrameworks/TCC.framework/Versions/A/TCC
0x00007fff29240000 	/System/Library/PrivateFrameworks/CoreNLP.framework/Versions/A/CoreNLP
0x00007fff266d0000 	/System/Library/PrivateFrameworks/MetadataUtilities.framework/Versions/A/MetadataUtilities
0x00007fff211b8000 	/usr/lib/libmecabra.dylib
0x00007fff2a236000 	/System/Library/Frameworks/MLCompute.framework/Versions/A/MLCompute
0x00007fff29f61000 	/usr/lib/libmecab.dylib
0x00007fff29fab000 	/usr/lib/libgermantok.dylib
0x00007fff2a9b9000 	/usr/lib/libThaiTokenizer.dylib
0x00007fff2af7a000 	/usr/lib/libChineseTokenizer.dylib
0x00007fff2aa0d000 	/System/Library/Frameworks/MetalPerformanceShaders.framework/Versions/A/MetalPerformanceShaders
0x00007fff267bf000 	/System/Library/Frameworks/Accelerate.framework/Versions/A/Frameworks/vImage.framework/Versions/A/vImage
0x00007fff3010b000 	/System/Library/Frameworks/Accelerate.framework/Versions/A/Frameworks/vecLib.framework/Versions/A/vecLib
0x00007fff2af85000 	/System/Library/Frameworks/Accelerate.framework/Versions/A/Frameworks/vecLib.framework/Versions/A/libvMisc.dylib
0x00007fff29995000 	/System/Library/Frameworks/Accelerate.framework/Versions/A/Frameworks/vecLib.framework/Versions/A/libvDSP.dylib
0x00007fff20deb000 	/System/Library/Frameworks/Accelerate.framework/Versions/A/Frameworks/vecLib.framework/Versions/A/libBLAS.dylib
0x00007fff2aa3a000 	/System/Library/Frameworks/Accelerate.framework/Versions/A/Frameworks/vecLib.framework/Versions/A/libLAPACK.dylib
0x00007fff29fb1000 	/System/Library/Frameworks/Accelerate.framework/Versions/A/Frameworks/vecLib.framework/Versions/A/libLinearAlgebra.dylib
0x00007fff2a9f6000 	/System/Library/Frameworks/Accelerate.framework/Versions/A/Frameworks/vecLib.framework/Versions/A/libSparseBLAS.dylib
0x00007fff2aa34000 	/System/Library/Frameworks/Accelerate.framework/Versions/A/Frameworks/vecLib.framework/Versions/A/libQuadrature.dylib
0x00007fff292ec000 	/System/Library/Frameworks/Accelerate.framework/Versions/A/Frameworks/vecLib.framework/Versions/A/libBNNS.dylib
0x00007fff21096000 	/System/Library/Frameworks/Accelerate.framework/Versions/A/Frameworks/vecLib.framework/Versions/A/libSparse.dylib
0x00007fff291c8000 	/System/Library/Frameworks/MetalPerformanceShaders.framework/Versions/A/Frameworks/MPSCore.framework/Versions/A/MPSCore
0x00007fff2a426000 	/System/Library/Frameworks/MetalPerformanceShaders.framework/Versions/A/Frameworks/MPSImage.framework/Versions/A/MPSImage
0x00007fff29fc7000 	/System/Library/Frameworks/MetalPerformanceShaders.framework/Versions/A/Frameworks/MPSNeuralNetwork.framework/Versions/A/MPSNeuralNetwork
0x00007fff2a398000 	/System/Library/Frameworks/MetalPerformanceShaders.framework/Versions/A/Frameworks/MPSMatrix.framework/Versions/A/MPSMatrix
0x00007fff2a1e6000 	/System/Library/Frameworks/MetalPerformanceShaders.framework/Versions/A/Frameworks/MPSRayIntersector.framework/Versions/A/MPSRayIntersector
0x00007fff2a3cf000 	/System/Library/Frameworks/MetalPerformanceShaders.framework/Versions/A/Frameworks/MPSNDArray.framework/Versions/A/MPSNDArray
0x00007fff20d17000 	/System/Library/PrivateFrameworks/MetalTools.framework/Versions/A/MetalTools
0x00007fff29238000 	/System/Library/PrivateFrameworks/AggregateDictionary.framework/Versions/A/AggregateDictionary
0x00007fff2669d000 	/System/Library/PrivateFrameworks/CoreAnalytics.framework/Versions/A/CoreAnalytics
0x00007fff2a9bb000 	/System/Library/PrivateFrameworks/AppleSauce.framework/Versions/A/AppleSauce
0x00007fff2853a000 	/System/Library/PrivateFrameworks/IOAccelerator.framework/Versions/A/IOAccelerator
0x00007fff6bbd9000 	/System/Library/Frameworks/OpenGL.framework/Versions/A/Libraries/libCoreFSCache.dylib
0x00007fff21750000 	/System/Library/PrivateFrameworks/LanguageModeling.framework/Versions/A/LanguageModeling
0x00007fff29b68000 	/System/Library/PrivateFrameworks/CoreEmoji.framework/Versions/A/CoreEmoji
0x00007fff292e5000 	/System/Library/PrivateFrameworks/LinguisticData.framework/Versions/A/LinguisticData
0x00007fff21048000 	/System/Library/PrivateFrameworks/Lexicon.framework/Versions/A/Lexicon
0x00007fff2a8cd000 	/usr/lib/libcmph.dylib
0x00007fff2738f000 	/System/Library/Frameworks/OpenDirectory.framework/Versions/A/Frameworks/CFOpenDirectory.framework/Versions/A/CFOpenDirectory
0x00007fff2737f000 	/System/Library/Frameworks/OpenDirectory.framework/Versions/A/OpenDirectory
0x00007fff2ae43000 	/System/Library/PrivateFrameworks/APFS.framework/Versions/A/APFS
0x00007fff29e8e000 	/System/Library/Frameworks/SecurityFoundation.framework/Versions/A/SecurityFoundation
0x00007fff2af4d000 	/usr/lib/libutil.dylib
0x00007fff22d42000 	/System/Library/PrivateFrameworks/CoreServicesStore.framework/Versions/A/CoreServicesStore
0x00007fff29f24000 	/System/Library/Frameworks/ServiceManagement.framework/Versions/A/ServiceManagement
0x00007fff2af51000 	/usr/lib/libxslt.1.dylib
0x00007fff29f1a000 	/System/Library/PrivateFrameworks/BackgroundTaskManagement.framework/Versions/A/BackgroundTaskManagement
0x00007fff2bf0a000 	/System/Library/Frameworks/ImageIO.framework/Versions/A/Resources/libRadiance.dylib
0x00007fff2bf14000 	/System/Library/Frameworks/ImageIO.framework/Versions/A/Resources/libJPEG.dylib
0x00007fff2be5e000 	/System/Library/Frameworks/ImageIO.framework/Versions/A/Resources/libPng.dylib
0x00007fff2be85000 	/System/Library/Frameworks/ImageIO.framework/Versions/A/Resources/libTIFF.dylib
0x00007fff2bf69000 	/System/Library/Frameworks/ImageIO.framework/Versions/A/Resources/libGIF.dylib
0x00007fff2bbb0000 	/System/Library/Frameworks/ImageIO.framework/Versions/A/Resources/libJP2.dylib
0x00007fff2b2cc000 	/usr/lib/libexpat.1.dylib
0x00007fff2bb66000 	/System/Library/PrivateFrameworks/AppleJPEG.framework/Versions/A/AppleJPEG
0x00007fff28770000 	/System/Library/PrivateFrameworks/FontServices.framework/libFontParser.dylib
0x00007fff26444000 	/System/Library/PrivateFrameworks/RunningBoardServices.framework/Versions/A/RunningBoardServices
0x00007fff2bc90000 	/System/Library/PrivateFrameworks/WatchdogClient.framework/Versions/A/WatchdogClient
0x00007fff21839000 	/System/Library/Frameworks/CoreDisplay.framework/Versions/A/CoreDisplay
0x00007fff28685000 	/System/Library/Frameworks/CoreMedia.framework/Versions/A/CoreMedia
0x00007fff2750f000 	/System/Library/Frameworks/CoreVideo.framework/Versions/A/CoreVideo
0x00007fff2bccb000 	/System/Library/Frameworks/VideoToolbox.framework/Versions/A/VideoToolbox
0x00007fff263c4000 	/System/Library/PrivateFrameworks/BaseBoard.framework/Versions/A/BaseBoard
0x00007fff2b410000 	/System/Library/PrivateFrameworks/PersistentConnection.framework/Versions/A/PersistentConnection
0x00007fff26165000 	/System/Library/PrivateFrameworks/ProtocolBuffer.framework/Versions/A/ProtocolBuffer
0x00007fff263ac000 	/System/Library/PrivateFrameworks/CommonUtilities.framework/Versions/A/CommonUtilities
0x00007fff2bb29000 	/System/Library/PrivateFrameworks/Bom.framework/Versions/A/Bom
0x00007fff2bf02000 	/System/Library/PrivateFrameworks/GPUWrangler.framework/Versions/A/GPUWrangler
0x00007fff2bee5000 	/System/Library/PrivateFrameworks/IOPresentment.framework/Versions/A/IOPresentment
0x00007fff2bf0e000 	/System/Library/PrivateFrameworks/DSExternalDisplay.framework/Versions/A/DSExternalDisplay
0x00007fff2bf6e000 	/System/Library/PrivateFrameworks/CMCaptureCore.framework/Versions/A/CMCaptureCore
0x00007fff2b8ac000 	/System/Library/PrivateFrameworks/AppServerSupport.framework/Versions/A/AppServerSupport
0x00007fff2d947000 	/System/Library/PrivateFrameworks/perfdata.framework/Versions/A/perfdata
0x00007fff29e7d000 	/System/Library/PrivateFrameworks/AssertionServices.framework/Versions/A/AssertionServices
0x00007fff21970000 	/System/Library/PrivateFrameworks/AudioToolboxCore.framework/Versions/A/AudioToolboxCore
0x00007fff28668000 	/System/Library/PrivateFrameworks/caulk.framework/Versions/A/caulk
0x00007fff3cd7f000 	/System/Library/PrivateFrameworks/SystemPolicy.framework/Versions/A/SystemPolicy
0x00007fff2b0db000 	/usr/lib/libIOReport.dylib
0x00007fff2d183000 	/usr/lib/libSMC.dylib
0x00007fff2be2a000 	/usr/lib/libAudioToolboxUtility.dylib
0x00007fff3d6d9000 	/usr/lib/libmis.dylib
0x00007fff6bc35000 	/System/Library/Frameworks/OpenGL.framework/Versions/A/Libraries/libGLU.dylib
0x00007fff6bbf8000 	/System/Library/Frameworks/OpenGL.framework/Versions/A/Libraries/libGFXShared.dylib
0x00007fff6be06000 	/System/Library/Frameworks/OpenGL.framework/Versions/A/Libraries/libGL.dylib
0x00007fff6bc01000 	/System/Library/Frameworks/OpenGL.framework/Versions/A/Libraries/libGLImage.dylib
0x00007fff6bbf5000 	/System/Library/Frameworks/OpenGL.framework/Versions/A/Libraries/libCVMSPluginSupport.dylib
0x00007fff6bbe0000 	/System/Library/Frameworks/OpenGL.framework/Versions/A/Libraries/libCoreVMClient.dylib
0x00007fff6d250000 	/System/Library/Frameworks/OpenCL.framework/Versions/A/OpenCL
0x00007fff2b439000 	/System/Library/PrivateFrameworks/GraphVisualizer.framework/Versions/A/GraphVisualizer
0x00007fff2b448000 	/System/Library/PrivateFrameworks/FaceCore.framework/Versions/A/FaceCore
0x00007fff2b864000 	/System/Library/PrivateFrameworks/OTSVG.framework/Versions/A/OTSVG
0x00007fff27104000 	/System/Library/Frameworks/ApplicationServices.framework/Versions/A/Frameworks/ATS.framework/Versions/A/Resources/libFontRegistry.dylib
0x00007fff2b8b3000 	/System/Library/PrivateFrameworks/FontServices.framework/libhvf.dylib
0x00007fff2b278000 	/System/Library/PrivateFrameworks/AppleVA.framework/Versions/A/AppleVA
0x00007fff2cfcb000 	/System/Library/Frameworks/ApplicationServices.framework/Versions/A/Frameworks/ATS.framework/Versions/A/ATS
0x00007fff2d2de000 	/System/Library/Frameworks/ApplicationServices.framework/Versions/A/Frameworks/ColorSyncLegacy.framework/Versions/A/ColorSyncLegacy
0x00007fff25943000 	/System/Library/Frameworks/ApplicationServices.framework/Versions/A/Frameworks/HIServices.framework/Versions/A/HIServices
0x00007fff2d2c3000 	/System/Library/Frameworks/ApplicationServices.framework/Versions/A/Frameworks/LangAnalysis.framework/Versions/A/LangAnalysis
0x00007fff2bf78000 	/System/Library/Frameworks/ApplicationServices.framework/Versions/A/Frameworks/PrintCore.framework/Versions/A/PrintCore
0x00007fff2d2e6000 	/System/Library/Frameworks/ApplicationServices.framework/Versions/A/Frameworks/QD.framework/Versions/A/QD
0x00007fff2cfbb000 	/System/Library/Frameworks/ApplicationServices.framework/Versions/A/Frameworks/SpeechSynthesis.framework/Versions/A/SpeechSynthesis
0x00007fff2bf39000 	/System/Library/Frameworks/ApplicationServices.framework/Versions/A/Frameworks/ATSUI.framework/Versions/A/ATSUI
0x00007fff2d263000 	/usr/lib/libcups.2.dylib
0x00007fff2d2d3000 	/System/Library/PrivateFrameworks/NetAuth.framework/Versions/A/NetAuth
0x00007fff2d962000 	/System/Library/Frameworks/Kerberos.framework/Versions/A/Kerberos
0x00007fff2d972000 	/System/Library/Frameworks/GSS.framework/Versions/A/GSS
0x00007fff2d038000 	/usr/lib/libresolv.9.dylib
0x00007fff2b8c9000 	/System/Library/PrivateFrameworks/Heimdal.framework/Versions/A/Heimdal
0x00007fff33605000 	/System/Library/Frameworks/Kerberos.framework/Versions/A/Libraries/libHeimdalProxy.dylib
0x00007fff26511000 	/System/Library/Frameworks/Network.framework/Versions/A/Network
0x00007fff2b2e5000 	/usr/lib/libheimdal-asn1.dylib
0x00007fff2d9c3000 	/System/Library/PrivateFrameworks/CommonAuth.framework/Versions/A/CommonAuth
0x00007fff2755d000 	/System/Library/PrivateFrameworks/login.framework/Versions/A/Frameworks/loginsupport.framework/Versions/A/loginsupport
0x00007fff2cf42000 	/System/Library/PrivateFrameworks/AudioSession.framework/Versions/A/AudioSession
0x00007fff2cfa8000 	/usr/lib/libAudioStatistics.dylib
0x00007fff2b371000 	/System/Library/PrivateFrameworks/MediaExperience.framework/Versions/A/MediaExperience
0x00007fff2cddb000 	/System/Library/PrivateFrameworks/AudioSession.framework/libSessionUtility.dylib
0x00007fff2d953000 	/usr/lib/libperfcheck.dylib
0x00007fff2d2f2000 	/System/Library/PrivateFrameworks/AudioResourceArbitration.framework/Versions/A/AudioResourceArbitration
0x00007fff2b2ef000 	/System/Library/PrivateFrameworks/IconFoundation.framework/Versions/A/IconFoundation
0x00007fff2fdee000 	/System/Library/PrivateFrameworks/SpeechRecognitionCore.framework/Versions/A/SpeechRecognitionCore
0x000000010c000000 	/Library/Java/JavaVirtualMachines/jdk1.8.0_181.jdk/Contents/Home/jre/lib/server/libjvm.dylib
0x00007fff78168000 	/usr/lib/libstdc++.6.dylib
0x0000000107c18000 	/Library/Java/JavaVirtualMachines/jdk1.8.0_181.jdk/Contents/Home/jre/lib/libverify.dylib
0x0000000107c26000 	/Library/Java/JavaVirtualMachines/jdk1.8.0_181.jdk/Contents/Home/jre/lib/libjava.dylib
0x0000000107ca6000 	/Library/Java/JavaVirtualMachines/jdk1.8.0_181.jdk/Contents/Home/jre/lib/libzip.dylib
0x0000000107f5d000 	/private/var/folders/r0/xc4sds_n5371hy4ccy484kf40000gn/T/libgdxgirish/25a8e9fb/libgdx64.dylib
0x0000000110f1b000 	/Library/Java/JavaVirtualMachines/jdk1.8.0_181.jdk/Contents/Home/jre/lib/libawt.dylib
0x0000000110fc5000 	/Library/Java/JavaVirtualMachines/jdk1.8.0_181.jdk/Contents/Home/jre/lib/libmlib_image.dylib
0x00007fff6eb85000 	/System/Library/Frameworks/JavaNativeFoundation.framework/Versions/A/JavaNativeFoundation
0x00007fff6eb91000 	/System/Library/Frameworks/JavaRuntimeSupport.framework/Versions/A/JavaRuntimeSupport
0x00007fff3cac9000 	/System/Library/Frameworks/Carbon.framework/Versions/A/Carbon
0x00007fff31c5f000 	/System/Library/PrivateFrameworks/CoreSymbolication.framework/Versions/A/CoreSymbolication
0x00007fff36580000 	/System/Library/Frameworks/Carbon.framework/Versions/A/Frameworks/CommonPanels.framework/Versions/A/CommonPanels
0x00007fff3309a000 	/System/Library/Frameworks/Carbon.framework/Versions/A/Frameworks/Help.framework/Versions/A/Help
0x00007fff36584000 	/System/Library/Frameworks/Carbon.framework/Versions/A/Frameworks/ImageCapture.framework/Versions/A/ImageCapture
0x00007fff36554000 	/System/Library/Frameworks/Carbon.framework/Versions/A/Frameworks/OpenScripting.framework/Versions/A/OpenScripting
0x00007fff3657c000 	/System/Library/Frameworks/Carbon.framework/Versions/A/Frameworks/Ink.framework/Versions/A/Ink
0x00007fff3cac5000 	/System/Library/Frameworks/Carbon.framework/Versions/A/Frameworks/Print.framework/Versions/A/Print
0x00007fff36578000 	/System/Library/Frameworks/Carbon.framework/Versions/A/Frameworks/SecurityHI.framework/Versions/A/SecurityHI
0x00007fff31c23000 	/System/Library/PrivateFrameworks/DebugSymbols.framework/Versions/A/DebugSymbols
0x0000000111091000 	/Library/Java/JavaVirtualMachines/jdk1.8.0_181.jdk/Contents/Home/jre/lib/libawt_lwawt.dylib
0x0000000107fad000 	/Library/Java/JavaVirtualMachines/jdk1.8.0_181.jdk/Contents/Home/jre/lib/libosxapp.dylib
0x00007fff3c0e4000 	/System/Library/Frameworks/ExceptionHandling.framework/Versions/A/ExceptionHandling
0x00007fff22d03000 	/System/Library/PrivateFrameworks/CoreServicesInternal.framework/Versions/A/CoreServicesInternal
0x00007fff31175000 	/System/Library/Frameworks/FileProvider.framework/Versions/A/FileProvider
0x00007fff2632f000 	/System/Library/Frameworks/Accounts.framework/Versions/A/Accounts
0x00007fff312c5000 	/System/Library/PrivateFrameworks/GenerationalStorage.framework/Versions/A/GenerationalStorage
0x00007fff30b95000 	/System/Library/PrivateFrameworks/SymptomDiagnosticReporter.framework/Versions/A/SymptomDiagnosticReporter
0x00007fff23e31000 	/System/Library/PrivateFrameworks/DesktopServicesPriv.framework/Versions/A/DesktopServicesPriv
0x00007fff22e38000 	/usr/lib/libsandbox.1.dylib
0x00007fff27588000 	/System/Library/PrivateFrameworks/UserManagement.framework/Versions/A/UserManagement
0x00007fff29e5a000 	/System/Library/PrivateFrameworks/MobileKeyBag.framework/Versions/A/MobileKeyBag
0x00007fff34687000 	/System/Library/PrivateFrameworks/ChunkingLibrary.framework/Versions/A/ChunkingLibrary
0x00007fff2e386000 	/System/Library/PrivateFrameworks/Sharing.framework/Versions/A/Sharing
0x00007fff32c07000 	/System/Library/PrivateFrameworks/Apple80211.framework/Versions/A/Apple80211
0x00007fff2a507000 	/System/Library/PrivateFrameworks/AuthKit.framework/Versions/A/AuthKit
0x00007fff29c58000 	/System/Library/PrivateFrameworks/CoreUtils.framework/Versions/A/CoreUtils
0x00007fff29b85000 	/System/Library/Frameworks/CoreWLAN.framework/Versions/A/CoreWLAN
0x00007fff2e4d2000 	/System/Library/Frameworks/IOBluetooth.framework/Versions/A/IOBluetooth
0x00007fff32c6b000 	/System/Library/PrivateFrameworks/CoreWiFi.framework/Versions/A/CoreWiFi
0x00007fff2da49000 	/System/Library/PrivateFrameworks/CorePhoneNumbers.framework/Versions/A/CorePhoneNumbers
0x00007fff30c9c000 	/System/Library/PrivateFrameworks/DiskManagement.framework/Versions/A/DiskManagement
0x00007fff30bb2000 	/System/Library/PrivateFrameworks/AppleIDAuthSupport.framework/Versions/A/AppleIDAuthSupport
0x00007fff2da29000 	/System/Library/PrivateFrameworks/KeychainCircle.framework/Versions/A/KeychainCircle
0x00007fff30c68000 	/System/Library/PrivateFrameworks/MediaKit.framework/Versions/A/MediaKit
0x00007fff30bbf000 	/System/Library/Frameworks/DiscRecording.framework/Versions/A/DiscRecording
0x00007fff2b1ec000 	/usr/lib/libCoreStorage.dylib
0x00007fff330a6000 	/usr/lib/libcsfde.dylib
0x00007fff2e60d000 	/System/Library/PrivateFrameworks/ProtectedCloudStorage.framework/Versions/A/ProtectedCloudStorage
0x00007fff3309e000 	/System/Library/PrivateFrameworks/EFILogin.framework/Versions/A/EFILogin
0x00007fff336b8000 	/System/Library/Frameworks/AudioUnit.framework/Versions/A/AudioUnit
0x00007fff30b2f000 	/System/Library/Frameworks/CoreBluetooth.framework/Versions/A/CoreBluetooth
0x00007fff2b1e4000 	/usr/lib/libMatch.1.dylib
0x00007fff43944000 	/System/Library/CoreServices/RawCamera.bundle/Contents/MacOS/RawCamera
0x00007fff2d9d4000 	/System/Library/PrivateFrameworks/MobileAsset.framework/Versions/A/MobileAsset
0x00007fff336dc000 	/System/Library/PrivateFrameworks/StreamingZip.framework/Versions/A/StreamingZip
0x00007fff2c170000 	/System/Library/Frameworks/MediaToolbox.framework/Versions/A/MediaToolbox
0x00007fff31147000 	/System/Library/PrivateFrameworks/CoreAVCHD.framework/Versions/A/CoreAVCHD
0x00007fff3032e000 	/System/Library/Frameworks/MediaAccessibility.framework/Versions/A/MediaAccessibility
0x00007fff31143000 	/System/Library/PrivateFrameworks/Mangrove.framework/Versions/A/Mangrove
0x00007fff3033a000 	/System/Library/PrivateFrameworks/AlgosScoreFramework.framework/Versions/A/AlgosScoreFramework
0x00007fff31b31000 	/System/Library/PrivateFrameworks/AppleVPA.framework/Versions/A/AppleVPA
0x00007fff30d88000 	/System/Library/PrivateFrameworks/CoreAUC.framework/Versions/A/CoreAUC
0x00007fff4139b000 	/System/Library/Frameworks/Accelerate.framework/Versions/A/Frameworks/vImage.framework/Versions/A/Libraries/libCGInterfaces.dylib
0x00000001131f7000 	/usr/lib/libobjc-trampolines.dylib
0x00007fff35521000 	/System/Library/PrivateFrameworks/FamilyControls.framework/Versions/A/FamilyControls
0x00007fff35545000 	/System/Library/PrivateFrameworks/CommerceKit.framework/Versions/A/Frameworks/CommerceCore.framework/Versions/A/CommerceCore
0x00007fff3036b000 	/System/Library/PrivateFrameworks/SystemAdministration.framework/Versions/A/SystemAdministration
0x00007fff2e5f4000 	/System/Library/PrivateFrameworks/AppContainer.framework/Versions/A/AppContainer
0x00007fff2e609000 	/System/Library/PrivateFrameworks/SecCodeWrapper.framework/Versions/A/SecCodeWrapper
0x00007fff2b0e3000 	/System/Library/PrivateFrameworks/CrashReporterSupport.framework/Versions/A/CrashReporterSupport
0x00007fff47abe000 	/System/Library/PrivateFrameworks/OSAnalytics.framework/Versions/A/OSAnalytics
0x00007fff77a4e000 	/usr/lib/libRosetta.dylib
0x00007fff3302d000 	/System/Library/PrivateFrameworks/RemoteServiceDiscovery.framework/Versions/A/RemoteServiceDiscovery
0x00007fff5175e000 	/System/Library/PrivateFrameworks/Symbolication.framework/Versions/A/Symbolication
0x00007fff3d6b9000 	/System/Library/PrivateFrameworks/MallocStackLogging.framework/Versions/A/MallocStackLogging
0x00007fff2b98a000 	/System/Library/PrivateFrameworks/login.framework/Versions/A/login
0x00007fff2fdba000 	/System/Library/Frameworks/DirectoryService.framework/Versions/A/DirectoryService
0x00007fff32f46000 	/System/Library/PrivateFrameworks/DiskImages.framework/Versions/A/DiskImages
0x00007fff33119000 	/System/Library/PrivateFrameworks/LoginUIKit.framework/Versions/A/Frameworks/LoginUICore.framework/Versions/A/LoginUICore
0x00007fff2bb25000 	/usr/lib/libodfde.dylib
0x00007fff330b2000 	/usr/lib/libcurl.4.dylib
0x00007fff32e12000 	/usr/lib/libcrypto.44.dylib
0x00007fff32f18000 	/usr/lib/libssl.46.dylib
0x00007fff32dd8000 	/System/Library/Frameworks/LDAP.framework/Versions/A/LDAP
0x00007fff32e10000 	/System/Library/PrivateFrameworks/TrustEvaluationAgent.framework/Versions/A/TrustEvaluationAgent
0x00007fff2d051000 	/usr/lib/libsasl2.2.dylib
0x00007fff3035f000 	/System/Library/PrivateFrameworks/CoreDaemon.framework/Versions/B/CoreDaemon
0x00007fff3035a000 	/System/Library/PrivateFrameworks/AppleSRP.framework/Versions/A/AppleSRP
0x00007fff27287000 	/System/Library/PrivateFrameworks/ViewBridge.framework/Versions/A/ViewBridge
0x000000012c9af000 	/Library/Java/JavaVirtualMachines/jdk1.8.0_181.jdk/Contents/Home/jre/lib/libfontmanager.dylib
0x000000012ca16000 	/private/var/folders/r0/xc4sds_n5371hy4ccy484kf40000gn/T/libgdxgirish/f7649394/liblwjgl.dylib
0x00000001132d6000 	/Library/Java/JavaVirtualMachines/jdk1.8.0_181.jdk/Contents/Home/jre/lib/libjawt.dylib
0x000000012ca98000 	/private/var/folders/r0/xc4sds_n5371hy4ccy484kf40000gn/T/libgdxgirish/f7649394/openal.dylib
0x000000012cafe000 	/System/Library/Components/CoreAudio.component/Contents/MacOS/CoreAudio
0x000000012cc9e000 	/System/Library/Extensions/AppleHDA.kext/Contents/PlugIns/AppleHDAHALPlugIn.bundle/Contents/MacOS/AppleHDAHALPlugIn
0x00007fff6be11000 	/System/Library/Frameworks/OpenGL.framework/Versions/A/Resources/GLEngine.bundle/GLEngine
0x00007fff6bc72000 	/System/Library/Frameworks/OpenGL.framework/Versions/A/Libraries/libGLProgrammability.dylib
0x00007fff5eff8000 	/System/Library/Extensions/AppleIntelKBLGraphicsGLDriver.bundle/Contents/MacOS/AppleIntelKBLGraphicsGLDriver
0x00007fff46488000 	/System/Library/PrivateFrameworks/GPUSupport.framework/Versions/A/Libraries/libGPUSupportMercury.dylib
0x000000012cdf5000 	/System/Library/Extensions/AMDRadeonX4000GLDriver.bundle/Contents/MacOS/AMDRadeonX4000GLDriver
0x00007fff6e152000 	/System/Library/Extensions/AMDRadeonX4000GLDriver.bundle/Contents/MacOS/ATIRadeonX4000SCLib.dylib
0x00007fff5e268000 	/System/Library/Extensions/AMDShared.bundle/Contents/PlugIns/libSC.dylib
0x00007fff6bf8f000 	/System/Library/Frameworks/OpenGL.framework/Versions/A/Resources/GLRendererFloat.bundle/GLRendererFloat

VM Arguments:
jvm_args: -Dfile.encoding=UTF-8 
java_command: swen30006.driving.desktop.DesktopLauncher
java_class_path (initial): /Users/girish/eclipse-workspace/P2_ParcelPickup.zip_expanded (2).zip_expanded/P2_ParcelPickup.zip_expanded/bin:/Users/girish/eclipse-workspace/P2_ParcelPickup.zip_expanded (2).zip_expanded/P2_ParcelPickup.zip_expanded/lib/gdx-1.9.8.jar:/Users/girish/eclipse-workspace/P2_ParcelPickup.zip_expanded (2).zip_expanded/P2_ParcelPickup.zip_expanded/lib/gdx-backend-headless-1.9.8.jar:/Users/girish/eclipse-workspace/P2_ParcelPickup.zip_expanded (2).zip_expanded/P2_ParcelPickup.zip_expanded/lib/gdx-backend-lwjgl-1.9.8.jar:/Users/girish/eclipse-workspace/P2_ParcelPickup.zip_expanded (2).zip_expanded/P2_ParcelPickup.zip_expanded/lib/gdx-platform-1.9.8-natives-desktop.jar:/Users/girish/eclipse-workspace/P2_ParcelPickup.zip_expanded (2).zip_expanded/P2_ParcelPickup.zip_expanded/lib/jinput-2.0.5.jar:/Users/girish/eclipse-workspace/P2_ParcelPickup.zip_expanded (2).zip_expanded/P2_ParcelPickup.zip_expanded/lib/jinput-platform-2.0.5-natives-linux.jar:/Users/girish/eclipse-workspace/P2_ParcelPickup.zip_expanded (2).zip_expanded/P2_ParcelPickup.zip_expanded/lib/jinput-platform-2.0.5-natives-osx.jar:/Users/girish/eclipse-workspace/P2_ParcelPickup.zip_expanded (2).zip_expanded/P2_ParcelPickup.zip_expanded/lib/jinput-platform-2.0.5-natives-windows.jar:/Users/girish/eclipse-workspace/P2_ParcelPickup.zip_expanded (2).zip_expanded/P2_ParcelPickup.zip_expanded/lib/jlayer-1.0.1-gdx.jar:/Users/girish/eclipse-workspace/P2_ParcelPickup.zip_expanded (2).zip_expanded/P2_ParcelPickup.zip_expanded/lib/jorbis-0.0.17.jar:/Users/girish/eclipse-workspace/P2_ParcelPickup.zip_expanded (2).zip_expanded/P2_ParcelPickup.zip_expanded/lib/jutils-1.0.0.jar:/Users/girish/eclipse-workspace/P2_ParcelPickup.zip_expanded (2).zip_expanded/P2_ParcelPickup.zip_expanded/lib/log4j-api-2.11.0.jar:/Users/girish/eclipse-workspace/P2_ParcelPickup.zip_expanded (2).zip_expanded/P2_ParcelPickup.zip_expanded/lib/log4j-core-2.11.0.jar:/Users/girish/eclipse-workspace/P2_ParcelPickup.zip_expanded (2).zip_
Launcher Type: SUN_STANDARD

Environment Variables:
PATH=/usr/bin:/bin:/usr/sbin:/sbin
SHELL=/bin/bash

Signal Handlers:
SIGSEGV: [libjvm.dylib+0x5b6029], sa_mask[0]=11111111011111110111111111111111, sa_flags=SA_ONSTACK|SA_RESTART|SA_SIGINFO
SIGBUS: [libjvm.dylib+0x5b6029], sa_mask[0]=11111111011111110111111111111111, sa_flags=SA_RESTART|SA_SIGINFO
SIGFPE: [libjvm.dylib+0x48b934], sa_mask[0]=11111111011111110111111111111111, sa_flags=SA_RESTART|SA_SIGINFO
SIGPIPE: [libjvm.dylib+0x48b934], sa_mask[0]=11111111011111110111111111111111, sa_flags=SA_RESTART|SA_SIGINFO
SIGXFSZ: [libjvm.dylib+0x48b934], sa_mask[0]=11111111011111110111111111111111, sa_flags=SA_RESTART|SA_SIGINFO
SIGILL: [libjvm.dylib+0x48b934], sa_mask[0]=11111111011111110111111111111111, sa_flags=SA_RESTART|SA_SIGINFO
SIGUSR1: SIG_DFL, sa_mask[0]=00000000000000000000000000000000, sa_flags=none
SIGUSR2: [libjvm.dylib+0x48b452], sa_mask[0]=00100000000000000000000000000000, sa_flags=SA_RESTART|SA_SIGINFO
SIGHUP: [libjvm.dylib+0x489a1d], sa_mask[0]=11111111011111110111111111111111, sa_flags=SA_RESTART|SA_SIGINFO
SIGINT: [libjvm.dylib+0x489a1d], sa_mask[0]=11111111011111110111111111111111, sa_flags=SA_RESTART|SA_SIGINFO
SIGTERM: [libjvm.dylib+0x489a1d], sa_mask[0]=11111111011111110111111111111111, sa_flags=SA_RESTART|SA_SIGINFO
SIGQUIT: [libjvm.dylib+0x489a1d], sa_mask[0]=11111111011111110111111111111111, sa_flags=SA_RESTART|SA_SIGINFO


---------------  S Y S T E M  ---------------

OS:Bsduname:Darwin 20.5.0 Darwin Kernel Version 20.5.0: Sat May  8 05:10:33 PDT 2021; root:xnu-7195.121.3~9/RELEASE_X86_64 x86_64
rlimit: STACK 8192k, CORE 0k, NPROC 2784, NOFILE 10240, AS infinity
load average:2.61 3.19 4.04

CPU:total 8 (initial active 8) (4 cores per cpu, 2 threads per core) family 6 model 158 stepping 9, cmov, cx8, fxsr, mmx, sse, sse2, sse3, ssse3, sse4.1, sse4.2, popcnt, avx, avx2, aes, clmul, erms, 3dnowpref, lzcnt, ht, tsc, tscinvbit, bmi1, bmi2, adx

Memory: 4k page, physical 16777216k(139988k free)

/proc/meminfo:


vm_info: Java HotSpot(TM) 64-Bit Server VM (25.181-b13) for bsd-amd64 JRE (1.8.0_181-b13), built on Jul  7 2018 01:02:31 by "java_re" with gcc 4.2.1 (Based on Apple Inc. build 5658) (LLVM build 2336.11.00)

time: Mon Jun  7 14:43:19 2021
elapsed time: 2 seconds (0d 0h 0m 2s)

